[2025-08-26 06:11:01Z INFO HostContext] No proxy settings were found based on environmental variables (http_proxy/https_proxy/HTTP_PROXY/HTTPS_PROXY)
[2025-08-26 06:11:01Z INFO HostContext] Well known directory 'Bin': 'E:\my-cicd-project-2\actions-runner\bin'
[2025-08-26 06:11:01Z INFO HostContext] Well known directory 'Root': 'E:\my-cicd-project-2\actions-runner'
[2025-08-26 06:11:01Z INFO HostContext] Well known config file 'Credentials': 'E:\my-cicd-project-2\actions-runner\.credentials'
[2025-08-26 06:11:01Z INFO HostContext] Well known directory 'Bin': 'E:\my-cicd-project-2\actions-runner\bin'
[2025-08-26 06:11:01Z INFO HostContext] Well known directory 'Root': 'E:\my-cicd-project-2\actions-runner'
[2025-08-26 06:11:01Z INFO HostContext] Well known config file 'Runner': 'E:\my-cicd-project-2\actions-runner\.runner'
[2025-08-26 06:11:01Z INFO Listener] Runner is built for Windows (X64) - win-x64.
[2025-08-26 06:11:01Z INFO Listener] RuntimeInformation: Microsoft Windows 10.0.26100.
[2025-08-26 06:11:01Z INFO Listener] Version: 2.328.0
[2025-08-26 06:11:01Z INFO Listener] Commit: 6f9a9110adce65f44ca6f7c0ae142b9cc6af937b
[2025-08-26 06:11:01Z INFO Listener] Culture: en-US
[2025-08-26 06:11:01Z INFO Listener] UI Culture: en-US
[2025-08-26 06:11:01Z INFO HostContext] Well known directory 'Bin': 'E:\my-cicd-project-2\actions-runner\bin'
[2025-08-26 06:11:01Z INFO HostContext] Well known directory 'Root': 'E:\my-cicd-project-2\actions-runner'
[2025-08-26 06:11:01Z INFO Listener] Validating directory permissions for: 'E:\my-cicd-project-2\actions-runner'
[2025-08-26 06:11:01Z INFO CommandLineParser] Parse
[2025-08-26 06:11:01Z INFO CommandLineParser] Parsing 1 args
[2025-08-26 06:11:01Z INFO CommandLineParser] parsing argument
[2025-08-26 06:11:01Z INFO CommandLineParser] HasArgs: False
[2025-08-26 06:11:01Z INFO CommandLineParser] Adding Command: run
[2025-08-26 06:11:01Z INFO Listener] Arguments parsed
[2025-08-26 06:11:01Z INFO Runner] ExecuteCommand
[2025-08-26 06:11:01Z INFO ConfigurationStore] currentAssemblyLocation: E:\my-cicd-project-2\actions-runner\bin\Runner.Listener.dll
[2025-08-26 06:11:01Z INFO HostContext] Well known directory 'Bin': 'E:\my-cicd-project-2\actions-runner\bin'
[2025-08-26 06:11:01Z INFO ConfigurationStore] binPath: E:\my-cicd-project-2\actions-runner\bin
[2025-08-26 06:11:01Z INFO HostContext] Well known directory 'Bin': 'E:\my-cicd-project-2\actions-runner\bin'
[2025-08-26 06:11:01Z INFO HostContext] Well known directory 'Root': 'E:\my-cicd-project-2\actions-runner'
[2025-08-26 06:11:01Z INFO ConfigurationStore] RootFolder: E:\my-cicd-project-2\actions-runner
[2025-08-26 06:11:01Z INFO HostContext] Well known directory 'Bin': 'E:\my-cicd-project-2\actions-runner\bin'
[2025-08-26 06:11:01Z INFO HostContext] Well known directory 'Root': 'E:\my-cicd-project-2\actions-runner'
[2025-08-26 06:11:01Z INFO HostContext] Well known config file 'Runner': 'E:\my-cicd-project-2\actions-runner\.runner'
[2025-08-26 06:11:01Z INFO ConfigurationStore] ConfigFilePath: E:\my-cicd-project-2\actions-runner\.runner
[2025-08-26 06:11:01Z INFO HostContext] Well known directory 'Bin': 'E:\my-cicd-project-2\actions-runner\bin'
[2025-08-26 06:11:01Z INFO HostContext] Well known directory 'Root': 'E:\my-cicd-project-2\actions-runner'
[2025-08-26 06:11:01Z INFO HostContext] Well known config file 'MigratedRunner': 'E:\my-cicd-project-2\actions-runner\.runner_migrated'
[2025-08-26 06:11:01Z INFO ConfigurationStore] MigratedConfigFilePath: E:\my-cicd-project-2\actions-runner\.runner_migrated
[2025-08-26 06:11:01Z INFO HostContext] Well known directory 'Bin': 'E:\my-cicd-project-2\actions-runner\bin'
[2025-08-26 06:11:01Z INFO HostContext] Well known directory 'Root': 'E:\my-cicd-project-2\actions-runner'
[2025-08-26 06:11:01Z INFO HostContext] Well known config file 'Credentials': 'E:\my-cicd-project-2\actions-runner\.credentials'
[2025-08-26 06:11:01Z INFO ConfigurationStore] CredFilePath: E:\my-cicd-project-2\actions-runner\.credentials
[2025-08-26 06:11:01Z INFO HostContext] Well known directory 'Bin': 'E:\my-cicd-project-2\actions-runner\bin'
[2025-08-26 06:11:01Z INFO HostContext] Well known directory 'Root': 'E:\my-cicd-project-2\actions-runner'
[2025-08-26 06:11:01Z INFO HostContext] Well known config file 'MigratedCredentials': 'E:\my-cicd-project-2\actions-runner\.credentials_migrated'
[2025-08-26 06:11:01Z INFO ConfigurationStore] MigratedCredFilePath: E:\my-cicd-project-2\actions-runner\.credentials_migrated
[2025-08-26 06:11:01Z INFO HostContext] Well known directory 'Bin': 'E:\my-cicd-project-2\actions-runner\bin'
[2025-08-26 06:11:01Z INFO HostContext] Well known directory 'Root': 'E:\my-cicd-project-2\actions-runner'
[2025-08-26 06:11:01Z INFO HostContext] Well known config file 'Service': 'E:\my-cicd-project-2\actions-runner\.service'
[2025-08-26 06:11:01Z INFO ConfigurationStore] ServiceConfigFilePath: E:\my-cicd-project-2\actions-runner\.service
[2025-08-26 06:11:01Z INFO CommandSettings] Flag 'help': 'False'
[2025-08-26 06:11:01Z INFO CommandSettings] Flag 'version': 'False'
[2025-08-26 06:11:01Z INFO CommandSettings] Flag 'commit': 'False'
[2025-08-26 06:11:01Z INFO CommandSettings] Flag 'check': 'False'
[2025-08-26 06:11:01Z INFO CommandSettings] Command 'configure': 'False'
[2025-08-26 06:11:01Z INFO CommandSettings] Command 'remove': 'False'
[2025-08-26 06:11:01Z INFO CommandSettings] Command 'warmup': 'False'
[2025-08-26 06:11:01Z INFO ConfigurationManager] LoadSettings
[2025-08-26 06:11:01Z INFO ConfigurationStore] IsConfigured()
[2025-08-26 06:11:01Z INFO ConfigurationStore] IsConfigured: True
[2025-08-26 06:11:01Z INFO ConfigurationManager] Is configured: True
[2025-08-26 06:11:01Z INFO ConfigurationStore] Read setting file: 404 chars
[2025-08-26 06:11:01Z INFO ConfigurationManager] Settings Loaded
[2025-08-26 06:11:01Z INFO ConfigurationStore] IsServiceConfigured()
[2025-08-26 06:11:01Z INFO ConfigurationStore] IsServiceConfigured: False
[2025-08-26 06:11:01Z INFO CommandSettings] Command 'run': 'True'
[2025-08-26 06:11:01Z INFO ConfigurationStore] IsConfigured()
[2025-08-26 06:11:01Z INFO ConfigurationStore] IsConfigured: True
[2025-08-26 06:11:01Z INFO ConfigurationManager] Is configured: True
[2025-08-26 06:11:01Z INFO Runner] Could not parse the argument value '' for StartupType. Defaulting to Manual
[2025-08-26 06:11:01Z INFO Runner] Set runner startup type - Manual
[2025-08-26 06:11:01Z INFO CommandSettings] Flag 'once': 'False'
[2025-08-26 06:11:01Z INFO CommandSettings] Flag 'once': 'False'
[2025-08-26 06:11:01Z INFO Runner] RunAsync
[2025-08-26 06:11:01Z INFO ConfigurationManager] LoadMigratedSettings
[2025-08-26 06:11:01Z INFO ConfigurationStore] IsMigratedConfigured()
[2025-08-26 06:11:01Z INFO ConfigurationStore] IsMigratedConfigured: False
[2025-08-26 06:11:01Z INFO Runner] Failed to load migrated settings: No migrated configuration found.
[2025-08-26 06:11:01Z INFO Runner] Falling back to original .runner settings
[2025-08-26 06:11:01Z INFO Runner] Using BrokerMessageListener
[2025-08-26 06:11:01Z INFO BrokerMessageListener] Using provided settings
[2025-08-26 06:11:01Z INFO BrokerMessageListener] {
  "AgentId": 2,
  "AgentName": "DESKTOP-8F2FUJT",
  "PoolId": 1,
  "PoolName": "Default",
  "ServerUrl": "https://pipelinesghubeus9.actions.githubusercontent.com/jPfXnFZDzxAhNG4EfKv0CpHAAET78oBiDuOa8CyvTrEg4i2gGE/",
  "GitHubUrl": "https://github.com/zzhan353/my-cicd-project-2",
  "WorkFolder": "_work",
  "UseV2Flow": true,
  "ServerUrlV2": "https://broker.actions.githubusercontent.com/"
}
[2025-08-26 06:11:01Z INFO BrokerMessageListener] Loading Credentials
[2025-08-26 06:11:01Z INFO ConfigurationStore] HasCredentials()
[2025-08-26 06:11:01Z INFO ConfigurationStore] stored True
[2025-08-26 06:11:01Z INFO CredentialManager] GetCredentialProvider
[2025-08-26 06:11:01Z INFO CredentialManager] Creating type OAuth
[2025-08-26 06:11:01Z INFO CredentialManager] Creating credential type: OAuth
[2025-08-26 06:11:01Z INFO HostContext] Well known directory 'Bin': 'E:\my-cicd-project-2\actions-runner\bin'
[2025-08-26 06:11:01Z INFO HostContext] Well known directory 'Root': 'E:\my-cicd-project-2\actions-runner'
[2025-08-26 06:11:01Z INFO HostContext] Well known config file 'RSACredentials': 'E:\my-cicd-project-2\actions-runner\.credentials_rsaparams'
[2025-08-26 06:11:01Z INFO RSAEncryptedFileKeyManager] Loading RSA key parameters from file E:\my-cicd-project-2\actions-runner\.credentials_rsaparams
[2025-08-26 06:11:01Z INFO BrokerMessageListener] Attempt to create session.
[2025-08-26 06:11:01Z INFO BrokerMessageListener] Connecting to the Broker Server...
[2025-08-26 06:11:01Z INFO ConfigurationStore] HasCredentials()
[2025-08-26 06:11:01Z INFO ConfigurationStore] stored True
[2025-08-26 06:11:01Z INFO CredentialManager] GetCredentialProvider
[2025-08-26 06:11:01Z INFO CredentialManager] Creating type OAuth
[2025-08-26 06:11:01Z INFO CredentialManager] Creating credential type: OAuth
[2025-08-26 06:11:01Z INFO RSAEncryptedFileKeyManager] Loading RSA key parameters from file E:\my-cicd-project-2\actions-runner\.credentials_rsaparams
[2025-08-26 06:11:01Z INFO BrokerMessageListener] VssConnection created
[2025-08-26 06:11:01Z INFO BrokerMessageListener] Connecting to the Runner server...
[2025-08-26 06:11:01Z INFO RunnerServer] EstablishVssConnection
[2025-08-26 06:11:01Z INFO RunnerServer] Establish connection with 100 seconds timeout.
[2025-08-26 06:11:01Z INFO GitHubActionsService] Starting operation Location.GetConnectionData
[2025-08-26 06:11:01Z INFO RunnerServer] EstablishVssConnection
[2025-08-26 06:11:01Z INFO RunnerServer] Establish connection with 60 seconds timeout.
[2025-08-26 06:11:01Z INFO GitHubActionsService] Starting operation Location.GetConnectionData
[2025-08-26 06:11:01Z INFO RunnerServer] EstablishVssConnection
[2025-08-26 06:11:01Z INFO RunnerServer] Establish connection with 60 seconds timeout.
[2025-08-26 06:11:01Z INFO GitHubActionsService] Starting operation Location.GetConnectionData
[2025-08-26 06:11:01Z INFO GitHubActionsService] Finished operation Location.GetConnectionData
[2025-08-26 06:11:01Z INFO GitHubActionsService] Finished operation Location.GetConnectionData
[2025-08-26 06:11:01Z INFO GitHubActionsService] Finished operation Location.GetConnectionData
[2025-08-26 06:11:01Z INFO BrokerMessageListener] VssConnection created
[2025-08-26 06:11:01Z INFO Terminal] WRITE LINE: 
[2025-08-26 06:11:01Z INFO Terminal] WRITE LINE: 
[2025-08-26 06:11:01Z INFO RSAEncryptedFileKeyManager] Loading RSA key parameters from file E:\my-cicd-project-2\actions-runner\.credentials_rsaparams
[2025-08-26 06:11:01Z INFO RSAEncryptedFileKeyManager] Loading RSA key parameters from file E:\my-cicd-project-2\actions-runner\.credentials_rsaparams
[2025-08-26 06:11:02Z INFO GitHubActionsService] AAD Correlation ID for this token request: Unknown
[2025-08-26 06:11:02Z INFO BrokerMessageListener] Session created.
[2025-08-26 06:11:02Z INFO Terminal] WRITE LINE: Current runner version: '2.328.0'
[2025-08-26 06:11:02Z INFO Terminal] WRITE LINE: 2025-08-26 06:11:02Z: Listening for Jobs
[2025-08-26 06:11:02Z INFO JobDispatcher] Set runner/worker IPC timeout to 30 seconds.
